Error getting parameter userFullName in client user 00848 Наталья Семеновна: 'NoneType' object has no attribute 'text'
Error getting parameter userFullName in client user 00972 Потапченко Игорь Николаевич: 'NoneType' object has no attribute 'text'
Error while processing request for client user 00972 Гришин Сергей Владимирович: HTTP Error 500: Internal Server Error
Error while processing request for client user 01947 Осипенко Татьяна Сергеевна: HTTP Error 500: Internal Server Error
Error getting parameter userFullName in client user 00440 Тарасова Валентина Ивановна: 'NoneType' object has no attribute 'text'
Error getting parameter inn in client no.646: 'NoneType' object has no attribute 'text'
Error getting parameter inn in client no.647: 'NoneType' object has no attribute 'text'
Error getting parameter userFullName in client user 34903 Монтвида Александр Владимирович: 'NoneType' object has no attribute 'text'
Error getting parameter userFullName in client user 35263 Брисова Анастасия Анатольевна: 'NoneType' object has no attribute 'text'
Error while processing request for client ФКУ в\ч 42991: HTTP Error 500: Internal Server Error
Error getting parameter inn in client no.688: 'NoneType' object has no attribute 'text'
Error getting parameter inn in client no.719: 'NoneType' object has no attribute 'text'
Error getting parameter userFullName in client user 51486 Ольга: 'NoneType' object has no attribute 'text'
Error getting parameter userFullName in client user 51486 Ольга: 'NoneType' object has no attribute 'text'
Error getting parameter userFullName in client user 51486 Ольга: 'NoneType' object has no attribute 'text'
Error getting parameter userFullName in client user 57790 Большаков Константин Игоревич: 'NoneType' object has no attribute 'text'
Error getting parameter userFullName in client user 63030 Марина: 'NoneType' object has no attribute 'text'
Error getting parameter userFullName in client user 34584 Куба Андрей Степанович: 'NoneType' object has no attribute 'text'
Error getting parameter userFullName in client user 28664 Корчак Наталья Александровна: 'NoneType' object has no attribute 'text'
Error getting parameter userFullName in client user 29383 Шаповалова Елена Владимировна: 'NoneType' object has no attribute 'text'
Error while processing request for client user 29857 Копылова Елена Юрисовна: HTTP Error 500: Internal Server Error
Error getting parameter userFullName in client user 30226 мини АТС: 'NoneType' object has no attribute 'text'
Error getting parameter userFullName in client user 32050 Резникова Марина Сергеевна: 'NoneType' object has no attribute 'text'
Error getting parameter userFullName in client user 33141 Леонтьев Александр Петрович: 'NoneType' object has no attribute 'text'
Error getting parameter inn in client no.1597: 'NoneType' object has no attribute 'text'
Error getting parameter inn in client no.1598: 'NoneType' object has no attribute 'text'
Error getting parameter inn in client no.1599: 'NoneType' object has no attribute 'text'
Error getting parameter inn in client no.1610: 'NoneType' object has no attribute 'text'
Error getting parameter fullName in client no.1610: 'NoneType' object has no attribute 'text'
Error getting parameter userFullName in client user 55919 Любиева Злата Александровна: 'NoneType' object has no attribute 'text'
Error getting parameter userFullName in client user 55919 Любиева Злата Александровна: 'NoneType' object has no attribute 'text'
Error getting parameter userFullName in client user 55919 Любиева Злата Александровна: 'NoneType' object has no attribute 'text'
Error getting parameter userFullName in client user 55919 Любиева Злата Александровна: 'NoneType' object has no attribute 'text'
Error getting parameter userFullName in client user 55919 Галичев Александр Григорьевич: 'NoneType' object has no attribute 'text'
Error getting parameter userFullName in client user 55919 Галичев Александр Григорьевич: 'NoneType' object has no attribute 'text'
Error getting parameter inn in client no.1804: 'NoneType' object has no attribute 'text'
Error getting parameter userFullName in client user 32659 Чуприй Ольга Ивановна: 'NoneType' object has no attribute 'text'
Error getting parameter userFullName in client user 01664 Чуприй Ольга Ивановна: 'NoneType' object has no attribute 'text'
Error getting parameter inn in client no.2022: 'NoneType' object has no attribute 'text'
Error getting parameter userFullName in client user 69731 факс: 'NoneType' object has no attribute 'text'
Error getting parameter userFullName in client user 68651 Горбачев Михаил Владимирович: 'NoneType' object has no attribute 'text'
Error getting parameter userFullName in client user 68651 Лидия Васильевна: 'NoneType' object has no attribute 'text'
Error getting parameter userFullName in client user 68651 Дыкань Андрей Анатольевич: 'NoneType' object has no attribute 'text'
Error getting parameter userFullName in client user 68651 Дыкань Андрей Анатольевич: 'NoneType' object has no attribute 'text'
Error getting parameter userFullName in client user 68651 Дыкань Андрей Анатольевич: 'NoneType' object has no attribute 'text'
Error getting parameter userFullName in client user 68651 Дыкань Андрей Анатольевич: 'NoneType' object has no attribute 'text'
